ISim log file
Running: D:\Asudy\WorkSpace\LCDF_Expr\Expr4\LampCtrl_sch\LampCtrl_LampCtrl_sch_tb_isim_beh.exe -intstyle ise -gui -tclbatch isim.cmd -wdb D:/Asudy/WorkSpace/LCDF_Expr/Expr4/LampCtrl_sch/LampCtrl_LampCtrl_sch_tb_isim_beh.wdb 
ISim P.20131013 (signature 0x7708f090)
This is a Full version of ISim.
Time resolution is 1 ps
# onerror resume
# wave add /
# run 1000 ns
Simulator is doing circuit initialization process.
Finished circuit initialization process.
# restart
# step
Simulator is doing circuit initialization process.
Stopped at time : 0 fs : File "D:/ProgramFiles/Xilinx/14.7/ISE_DS/ISE/verilog/src/glbl.v" Line 16
# step
Stopped at time : 0 fs : File "D:/ProgramFiles/Xilinx/14.7/ISE_DS/ISE/verilog/src/glbl.v" Line 48
# restart
ISim P.20131013 (signature 0x7708f090)
This is a Full version of ISim.
# run 1000 ns
Simulator is doing circuit initialization process.
Finished circuit initialization process.
# restart
# run 1.00us
Simulator is doing circuit initialization process.
Finished circuit initialization process.
