--------------------------------------------------------------------------------
Release 14.7 Trace  (nt64)
Copyright (c) 1995-2013 Xilinx, Inc.  All rights reserved.

C:\Xilinx\14.7\ISE_DS\ISE\bin\nt64\unwrapped\trce.exe -intstyle ise -v 3 -s 1
-n 3 -fastpaths -xml DispNumber_sch.twx DispNumber_sch.ncd -o
DispNumber_sch.twr DispNumber_sch.pcf -ucf DispNumber_sch.ucf

Design file:              DispNumber_sch.ncd
Physical constraint file: DispNumber_sch.pcf
Device,package,speed:     xc7k160t,ffg676,C,-1 (PRODUCTION 1.10 2013-10-13)
Report level:             verbose report

Environment Variable      Effect 
--------------------      ------ 
NONE                      No environment variables were set
--------------------------------------------------------------------------------

INFO:Timing:2698 - No timing constraints found, doing default enumeration.
INFO:Timing:3412 - To improve timing, see the Timing Closure User Guide (UG612).
INFO:Timing:2752 - To get complete path coverage, use the unconstrained paths 
   option. All paths that are not constrained will be reported in the 
   unconstrained paths section(s) of the report.
INFO:Timing:3339 - The clock-to-out numbers in this timing report are based on 
   a 50 Ohm transmission line loading model.  For the details of this model, 
   and for more information on accounting for different loading conditions, 
   please see the device datasheet.



Data Sheet report:
-----------------
All values displayed in nanoseconds (ns)

Pad to Pad
---------------+---------------+---------+
Source Pad     |Destination Pad|  Delay  |
---------------+---------------+---------+
BTN<0>         |SEG<0>         |    9.205|
BTN<0>         |SEG<1>         |    9.691|
BTN<0>         |SEG<2>         |    9.541|
BTN<0>         |SEG<3>         |    9.105|
BTN<0>         |SEG<4>         |    9.766|
BTN<0>         |SEG<5>         |    9.052|
BTN<0>         |SEG<6>         |    9.293|
BTN<1>         |SEG<7>         |    8.788|
SW<0>          |SEG<0>         |   10.156|
SW<0>          |SEG<1>         |   10.061|
SW<0>          |SEG<2>         |    9.936|
SW<0>          |SEG<3>         |   10.253|
SW<0>          |SEG<4>         |    9.419|
SW<0>          |SEG<5>         |    9.971|
SW<0>          |SEG<6>         |    9.614|
SW<1>          |SEG<0>         |   10.412|
SW<1>          |SEG<1>         |   10.285|
SW<1>          |SEG<2>         |   10.301|
SW<1>          |SEG<3>         |   10.866|
SW<1>          |SEG<4>         |    9.735|
SW<1>          |SEG<5>         |   10.183|
SW<1>          |SEG<6>         |    9.981|
SW<2>          |SEG<0>         |   10.584|
SW<2>          |SEG<1>         |   11.206|
SW<2>          |SEG<2>         |   11.081|
SW<2>          |SEG<3>         |   10.769|
SW<2>          |SEG<4>         |   10.624|
SW<2>          |SEG<5>         |   10.399|
SW<2>          |SEG<6>         |   10.478|
SW<3>          |SEG<0>         |   10.667|
SW<3>          |SEG<1>         |   10.720|
SW<3>          |SEG<2>         |   10.595|
SW<3>          |SEG<3>         |   10.898|
SW<3>          |SEG<4>         |   10.474|
SW<3>          |SEG<5>         |   10.482|
SW<3>          |SEG<6>         |   10.446|
SW<4>          |AN<0>          |    8.489|
SW<5>          |AN<1>          |    8.472|
SW<6>          |AN<2>          |    8.562|
SW<7>          |AN<3>          |    8.501|
---------------+---------------+---------+


Analysis completed Wed Oct 23 19:28:05 2019 
--------------------------------------------------------------------------------

Trace Settings:
-------------------------
Trace Settings 

Peak Memory Usage: 5100 MB



