Running: C:\Xilinx\14.7\ISE_DS\ISE\bin\nt64\unwrapped\fuse.exe -intstyle ise -incremental -lib unisims_ver -lib unimacro_ver -lib xilinxcorelib_ver -lib secureip -o E:/wjz/Expr10/MyLATCHS/D_FlipFlop_D_FlipFlop_sch_tb_isim_beh.exe -prj E:/wjz/Expr10/MyLATCHS/D_FlipFlop_D_FlipFlop_sch_tb_beh.prj work.D_FlipFlop_D_FlipFlop_sch_tb work.glbl 
ISim P.20131013 (signature 0x7708f090)
Number of CPUs detected in this system: 4
Turning on mult-threading, number of parallel sub-compilation jobs: 8 
Determining compilation order of HDL files
Analyzing Verilog file "E:/wjz/Expr10/MyLATCHS/D_FlipFlop.vf" into library work
Analyzing Verilog file "E:/wjz/Expr10/MyLATCHS/D_FlipFlop_sim.v" into library work
Analyzing Verilog file "C:/Xilinx/14.7/ISE_DS/ISE//verilog/src/glbl.v" into library work
Starting static elaboration
Completed static elaboration
Compiling module NAND3
Compiling module VCC
Compiling module D_FlipFlop
Compiling module D_FlipFlop_D_FlipFlop_sch_tb
Compiling module glbl
Time Resolution for simulation is 1ps.
Waiting for 1 sub-compilation(s) to finish...
Compiled 5 Verilog Units
Built simulation executable E:/wjz/Expr10/MyLATCHS/D_FlipFlop_D_FlipFlop_sch_tb_isim_beh.exe
Fuse Memory Usage: 27644 KB
Fuse CPU Usage: 499 ms
