Running: D:\ProgramFiles\Xilinx\14.7\ISE_DS\ISE\bin\nt64\unwrapped\fuse.exe -intstyle ise -incremental -lib unisims_ver -lib unimacro_ver -lib xilinxcorelib_ver -lib secureip -o D:/Asudy/WorkSpace/LCDF_Expr/Expr8/MyALU/AddSub4b_AddSub4b_sch_tb_isim_beh.exe -prj D:/Asudy/WorkSpace/LCDF_Expr/Expr8/MyALU/AddSub4b_AddSub4b_sch_tb_beh.prj work.AddSub4b_AddSub4b_sch_tb work.glbl 
ISim P.20131013 (signature 0x7708f090)
Number of CPUs detected in this system: 16
Turning on mult-threading, number of parallel sub-compilation jobs: 32 
Determining compilation order of HDL files
Analyzing Verilog file "D:/Asudy/WorkSpace/LCDF_Expr/Expr8/MyALU/AddSub1b.vf" into library work
Analyzing Verilog file "D:/Asudy/WorkSpace/LCDF_Expr/Expr8/MyALU/AddSub4b.vf" into library work
Analyzing Verilog file "D:/Asudy/WorkSpace/LCDF_Expr/Expr8/MyALU/AddSub4b_sim.v" into library work
Analyzing Verilog file "D:/ProgramFiles/Xilinx/14.7/ISE_DS/ISE//verilog/src/glbl.v" into library work
Starting static elaboration
Completed static elaboration
Compiling module XOR2
Compiling module AND2
Compiling module OR2
Compiling module AddSub1b_MUSER_AddSub4b
Compiling module AddSub4b
Compiling module AddSub4b_AddSub4b_sch_tb
Compiling module glbl
Time Resolution for simulation is 1ps.
Compiled 7 Verilog Units
Built simulation executable D:/Asudy/WorkSpace/LCDF_Expr/Expr8/MyALU/AddSub4b_AddSub4b_sch_tb_isim_beh.exe
Fuse Memory Usage: 27832 KB
Fuse CPU Usage: 280 ms
