ISim log file
Running: D:\Asudy\WorkSpace\LCDF_Expr\Expr6\MyMC14495\MyMC14495_MyMC14495_sch_tb_isim_beh.exe -intstyle ise -gui -tclbatch isim.cmd -wdb D:/Asudy/WorkSpace/LCDF_Expr/Expr6/MyMC14495/MyMC14495_MyMC14495_sch_tb_isim_beh.wdb 
ISim P.20131013 (signature 0x7708f090)
This is a Full version of ISim.
Time resolution is 1 ps
# onerror resume
# wave add /
# run 1000 ns
Simulator is doing circuit initialization process.
Finished circuit initialization process.
# restart
# run 10.00us
Simulator is doing circuit initialization process.
Finished circuit initialization process.
# restart
# run 1.00us
Simulator is doing circuit initialization process.
Finished circuit initialization process.
# run 1.50us
# restart
# run 1.50us
Simulator is doing circuit initialization process.
Finished circuit initialization process.
