--------------------------------------------------------------------------------
Release 14.7 Trace  (nt64)
Copyright (c) 1995-2013 Xilinx, Inc.  All rights reserved.

C:\Xilinx\14.7\ISE_DS\ISE\bin\nt64\unwrapped\trce.exe -intstyle ise -v 3 -s 1
-n 3 -fastpaths -xml Top.twx Top.ncd -o Top.twr Top.pcf -ucf Constraint.ucf

Design file:              Top.ncd
Physical constraint file: Top.pcf
Device,package,speed:     xc7k160t,ffg676,C,-1 (PRODUCTION 1.10 2013-10-13)
Report level:             verbose report

Environment Variable      Effect 
--------------------      ------ 
NONE                      No environment variables were set
--------------------------------------------------------------------------------

INFO:Timing:2698 - No timing constraints found, doing default enumeration.
INFO:Timing:3412 - To improve timing, see the Timing Closure User Guide (UG612).
INFO:Timing:2752 - To get complete path coverage, use the unconstrained paths 
   option. All paths that are not constrained will be reported in the 
   unconstrained paths section(s) of the report.
INFO:Timing:3339 - The clock-to-out numbers in this timing report are based on 
   a 50 Ohm transmission line loading model.  For the details of this model, 
   and for more information on accounting for different loading conditions, 
   please see the device datasheet.



Data Sheet report:
-----------------
All values displayed in nanoseconds (ns)

Clock clk to Pad
------------+-----------------+------------+-----------------+------------+------------------+--------+
            |Max (slowest) clk|  Process   |Min (fastest) clk|  Process   |                  | Clock  |
Destination |  (edge) to PAD  |   Corner   |  (edge) to PAD  |   Corner   |Internal Clock(s) | Phase  |
------------+-----------------+------------+-----------------+------------+------------------+--------+
AN<0>       |        11.932(R)|      SLOW  |         4.408(R)|      FAST  |clk_BUFGP         |   0.000|
AN<1>       |        12.049(R)|      SLOW  |         4.377(R)|      FAST  |clk_BUFGP         |   0.000|
AN<2>       |        11.879(R)|      SLOW  |         4.439(R)|      FAST  |clk_BUFGP         |   0.000|
AN<3>       |        11.824(R)|      SLOW  |         4.277(R)|      FAST  |clk_BUFGP         |   0.000|
SEG<0>      |        14.065(R)|      SLOW  |         4.723(R)|      FAST  |clk_BUFGP         |   0.000|
SEG<1>      |        14.114(R)|      SLOW  |         4.675(R)|      FAST  |clk_BUFGP         |   0.000|
SEG<2>      |        13.842(R)|      SLOW  |         4.670(R)|      FAST  |clk_BUFGP         |   0.000|
SEG<3>      |        13.883(R)|      SLOW  |         4.598(R)|      FAST  |clk_BUFGP         |   0.000|
SEG<4>      |        13.513(R)|      SLOW  |         4.611(R)|      FAST  |clk_BUFGP         |   0.000|
SEG<5>      |        13.635(R)|      SLOW  |         4.567(R)|      FAST  |clk_BUFGP         |   0.000|
SEG<6>      |        13.359(R)|      SLOW  |         4.525(R)|      FAST  |clk_BUFGP         |   0.000|
------------+-----------------+------------+-----------------+------------+------------------+--------+

Clock to Setup on destination clock clk
---------------+---------+---------+---------+---------+
               | Src:Rise| Src:Fall| Src:Rise| Src:Fall|
Source Clock   |Dest:Rise|Dest:Rise|Dest:Fall|Dest:Fall|
---------------+---------+---------+---------+---------+
clk            |    2.639|         |         |         |
---------------+---------+---------+---------+---------+


Analysis completed Wed Dec 18 20:34:01 2019 
--------------------------------------------------------------------------------

Trace Settings:
-------------------------
Trace Settings 

Peak Memory Usage: 5100 MB



